2021-07-19 09:54:01 Error: [Twig\Error\RuntimeError] An exception has been thrown during the rendering of a template ("The existing `Users` association on `ExhibitionUsers` is incompatible with the `Users` association on `Exhibition`"). in /var/www/exon/jihoon/exon_front/vendor/cakephp/bake/templates/bake/element/Controller/view.twig on line 19
Stack Trace:
- /var/www/exon/jihoon/exon_front/vendor/twig/twig/src/Template.php:367
- /var/www/exon/jihoon/exon_front/vendor/twig/twig/src/Template.php:379
- /var/www/exon/jihoon/exon_front/vendor/twig/twig/src/TemplateWrapper.php:40
- /var/www/exon/jihoon/exon_front/vendor/cakephp/twig-view/src/View/TwigView.php:301
- /var/www/exon/jihoon/exon_front/vendor/cakephp/cakephp/src/View/View.php:1134
- /var/www/exon/jihoon/exon_front/vendor/cakephp/cakephp/src/View/View.php:1668
- /var/www/exon/jihoon/exon_front/vendor/cakephp/cakephp/src/View/View.php:655
- /var/www/exon/jihoon/exon_front/vendor/cakephp/twig-view/src/Twig/Extension/ViewExtension.php:46
- /var/www/exon/jihoon/exon_front/vendor/twig/twig/src/Environment.php(358) : eval()'d code:179
- /var/www/exon/jihoon/exon_front/vendor/twig/twig/src/Template.php:394
- /var/www/exon/jihoon/exon_front/vendor/twig/twig/src/Template.php:367
- /var/www/exon/jihoon/exon_front/vendor/twig/twig/src/Template.php:379
- /var/www/exon/jihoon/exon_front/vendor/twig/twig/src/TemplateWrapper.php:40
- /var/www/exon/jihoon/exon_front/vendor/cakephp/twig-view/src/View/TwigView.php:301
- /var/www/exon/jihoon/exon_front/vendor/cakephp/cakephp/src/View/View.php:1134
- /var/www/exon/jihoon/exon_front/vendor/cakephp/bake/src/View/BakeView.php:97
- /var/www/exon/jihoon/exon_front/vendor/cakephp/bake/src/Utility/TemplateRenderer.php:101
- /var/www/exon/jihoon/exon_front/vendor/cakephp/bake/src/Command/ControllerCommand.php:183
- /var/www/exon/jihoon/exon_front/vendor/cakephp/bake/src/Command/ControllerCommand.php:154
- /var/www/exon/jihoon/exon_front/vendor/cakephp/bake/src/Command/ControllerCommand.php:65
- /var/www/exon/jihoon/exon_front/vendor/cakephp/cakephp/src/Console/BaseCommand.php:179
- /var/www/exon/jihoon/exon_front/vendor/cakephp/cakephp/src/Console/CommandRunner.php:336
- /var/www/exon/jihoon/exon_front/vendor/cakephp/cakephp/src/Console/CommandRunner.php:172
- /var/www/exon/jihoon/exon_front/bin/cake.php:12

Caused by: [InvalidArgumentException] The existing `Users` association on `ExhibitionUsers` is incompatible with the `Users` association on `Exhibition` in /var/www/exon/jihoon/exon_front/vendor/cakephp/cakephp/src/ORM/Association/BelongsToMany.php on line 419
Stack Trace:
- /var/www/exon/jihoon/exon_front/vendor/cakephp/cakephp/src/ORM/Association/BelongsToMany.php:299
- /var/www/exon/jihoon/exon_front/vendor/cakephp/bake/src/Utility/Model/AssociationFilter.php:52
- array_map - [internal], line ??- /var/www/exon/jihoon/exon_front/vendor/cakephp/bake/src/Utility/Model/AssociationFilter.php:55
- /var/www/exon/jihoon/exon_front/vendor/cakephp/bake/src/Utility/Model/AssociationFilter.php:38
- /var/www/exon/jihoon/exon_front/vendor/cakephp/bake/src/View/Helper/BakeHelper.php:418
- /var/www/exon/jihoon/exon_front/vendor/cakephp/bake/src/View/Helper/BakeHelper.php:143
- /var/www/exon/jihoon/exon_front/vendor/twig/twig/src/Extension/CoreExtension.php:1541
- /var/www/exon/jihoon/exon_front/vendor/twig/twig/src/Environment.php(358) : eval()'d code:46
- /var/www/exon/jihoon/exon_front/vendor/twig/twig/src/Template.php:394
- /var/www/exon/jihoon/exon_front/vendor/twig/twig/src/Template.php:367
- /var/www/exon/jihoon/exon_front/vendor/twig/twig/src/Template.php:379
- /var/www/exon/jihoon/exon_front/vendor/twig/twig/src/TemplateWrapper.php:40
- /var/www/exon/jihoon/exon_front/vendor/cakephp/twig-view/src/View/TwigView.php:301
- /var/www/exon/jihoon/exon_front/vendor/cakephp/cakephp/src/View/View.php:1134
- /var/www/exon/jihoon/exon_front/vendor/cakephp/cakephp/src/View/View.php:1668
- /var/www/exon/jihoon/exon_front/vendor/cakephp/cakephp/src/View/View.php:655
- /var/www/exon/jihoon/exon_front/vendor/cakephp/twig-view/src/Twig/Extension/ViewExtension.php:46
- /var/www/exon/jihoon/exon_front/vendor/twig/twig/src/Environment.php(358) : eval()'d code:179
- /var/www/exon/jihoon/exon_front/vendor/twig/twig/src/Template.php:394
- /var/www/exon/jihoon/exon_front/vendor/twig/twig/src/Template.php:367
- /var/www/exon/jihoon/exon_front/vendor/twig/twig/src/Template.php:379
- /var/www/exon/jihoon/exon_front/vendor/twig/twig/src/TemplateWrapper.php:40
- /var/www/exon/jihoon/exon_front/vendor/cakephp/twig-view/src/View/TwigView.php:301
- /var/www/exon/jihoon/exon_front/vendor/cakephp/cakephp/src/View/View.php:1134
- /var/www/exon/jihoon/exon_front/vendor/cakephp/bake/src/View/BakeView.php:97
- /var/www/exon/jihoon/exon_front/vendor/cakephp/bake/src/Utility/TemplateRenderer.php:101
- /var/www/exon/jihoon/exon_front/vendor/cakephp/bake/src/Command/ControllerCommand.php:183
- /var/www/exon/jihoon/exon_front/vendor/cakephp/bake/src/Command/ControllerCommand.php:154
- /var/www/exon/jihoon/exon_front/vendor/cakephp/bake/src/Command/ControllerCommand.php:65
- /var/www/exon/jihoon/exon_front/vendor/cakephp/cakephp/src/Console/BaseCommand.php:179
- /var/www/exon/jihoon/exon_front/vendor/cakephp/cakephp/src/Console/CommandRunner.php:336
- /var/www/exon/jihoon/exon_front/vendor/cakephp/cakephp/src/Console/CommandRunner.php:172
- /var/www/exon/jihoon/exon_front/bin/cake.php:12



2021-07-19 09:55:23 Error: [InvalidArgumentException] The existing `Users` association on `ExhibitionUsers` is incompatible with the `Users` association on `Exhibition` in /var/www/exon/jihoon/exon_front/vendor/cakephp/cakephp/src/ORM/Association/BelongsToMany.php on line 419
Stack Trace:
- /var/www/exon/jihoon/exon_front/vendor/cakephp/cakephp/src/ORM/Association/BelongsToMany.php:299
- /var/www/exon/jihoon/exon_front/vendor/cakephp/bake/src/Utility/Model/AssociationFilter.php:52
- array_map - [internal], line ??- /var/www/exon/jihoon/exon_front/vendor/cakephp/bake/src/Utility/Model/AssociationFilter.php:55
- /var/www/exon/jihoon/exon_front/vendor/cakephp/bake/src/Utility/Model/AssociationFilter.php:67
- /var/www/exon/jihoon/exon_front/vendor/cakephp/bake/src/Command/TemplateCommand.php:433
- /var/www/exon/jihoon/exon_front/vendor/cakephp/bake/src/Command/TemplateCommand.php:292
- /var/www/exon/jihoon/exon_front/vendor/cakephp/bake/src/Command/TemplateCommand.php:131
- /var/www/exon/jihoon/exon_front/vendor/cakephp/cakephp/src/Console/BaseCommand.php:179
- /var/www/exon/jihoon/exon_front/vendor/cakephp/cakephp/src/Console/CommandRunner.php:336
- /var/www/exon/jihoon/exon_front/vendor/cakephp/cakephp/src/Console/CommandRunner.php:172
- /var/www/exon/jihoon/exon_front/bin/cake.php:12



2021-07-19 10:01:13 Error: [Twig\Error\RuntimeError] An exception has been thrown during the rendering of a template ("The existing `Users` association on `ExhibitionUsers` is incompatible with the `Users` association on `Exhibition`"). in /var/www/exon/jihoon/exon_front/vendor/cakephp/bake/templates/bake/element/Controller/view.twig on line 19
Stack Trace:
- /var/www/exon/jihoon/exon_front/vendor/twig/twig/src/Template.php:367
- /var/www/exon/jihoon/exon_front/vendor/twig/twig/src/Template.php:379
- /var/www/exon/jihoon/exon_front/vendor/twig/twig/src/TemplateWrapper.php:40
- /var/www/exon/jihoon/exon_front/vendor/cakephp/twig-view/src/View/TwigView.php:301
- /var/www/exon/jihoon/exon_front/vendor/cakephp/cakephp/src/View/View.php:1134
- /var/www/exon/jihoon/exon_front/vendor/cakephp/cakephp/src/View/View.php:1668
- /var/www/exon/jihoon/exon_front/vendor/cakephp/cakephp/src/View/View.php:655
- /var/www/exon/jihoon/exon_front/vendor/cakephp/twig-view/src/Twig/Extension/ViewExtension.php:46
- /var/www/exon/jihoon/exon_front/vendor/twig/twig/src/Environment.php(358) : eval()'d code:179
- /var/www/exon/jihoon/exon_front/vendor/twig/twig/src/Template.php:394
- /var/www/exon/jihoon/exon_front/vendor/twig/twig/src/Template.php:367
- /var/www/exon/jihoon/exon_front/vendor/twig/twig/src/Template.php:379
- /var/www/exon/jihoon/exon_front/vendor/twig/twig/src/TemplateWrapper.php:40
- /var/www/exon/jihoon/exon_front/vendor/cakephp/twig-view/src/View/TwigView.php:301
- /var/www/exon/jihoon/exon_front/vendor/cakephp/cakephp/src/View/View.php:1134
- /var/www/exon/jihoon/exon_front/vendor/cakephp/bake/src/View/BakeView.php:97
- /var/www/exon/jihoon/exon_front/vendor/cakephp/bake/src/Utility/TemplateRenderer.php:101
- /var/www/exon/jihoon/exon_front/vendor/cakephp/bake/src/Command/ControllerCommand.php:183
- /var/www/exon/jihoon/exon_front/vendor/cakephp/bake/src/Command/ControllerCommand.php:154
- /var/www/exon/jihoon/exon_front/vendor/cakephp/bake/src/Command/ControllerCommand.php:65
- /var/www/exon/jihoon/exon_front/vendor/cakephp/cakephp/src/Console/BaseCommand.php:179
- /var/www/exon/jihoon/exon_front/vendor/cakephp/cakephp/src/Console/CommandRunner.php:336
- /var/www/exon/jihoon/exon_front/vendor/cakephp/cakephp/src/Console/CommandRunner.php:172
- /var/www/exon/jihoon/exon_front/bin/cake.php:12

Caused by: [InvalidArgumentException] The existing `Users` association on `ExhibitionUsers` is incompatible with the `Users` association on `Exhibition` in /var/www/exon/jihoon/exon_front/vendor/cakephp/cakephp/src/ORM/Association/BelongsToMany.php on line 419
Stack Trace:
- /var/www/exon/jihoon/exon_front/vendor/cakephp/cakephp/src/ORM/Association/BelongsToMany.php:299
- /var/www/exon/jihoon/exon_front/vendor/cakephp/bake/src/Utility/Model/AssociationFilter.php:52
- array_map - [internal], line ??- /var/www/exon/jihoon/exon_front/vendor/cakephp/bake/src/Utility/Model/AssociationFilter.php:55
- /var/www/exon/jihoon/exon_front/vendor/cakephp/bake/src/Utility/Model/AssociationFilter.php:38
- /var/www/exon/jihoon/exon_front/vendor/cakephp/bake/src/View/Helper/BakeHelper.php:418
- /var/www/exon/jihoon/exon_front/vendor/cakephp/bake/src/View/Helper/BakeHelper.php:143
- /var/www/exon/jihoon/exon_front/vendor/twig/twig/src/Extension/CoreExtension.php:1541
- /var/www/exon/jihoon/exon_front/vendor/twig/twig/src/Environment.php(358) : eval()'d code:46
- /var/www/exon/jihoon/exon_front/vendor/twig/twig/src/Template.php:394
- /var/www/exon/jihoon/exon_front/vendor/twig/twig/src/Template.php:367
- /var/www/exon/jihoon/exon_front/vendor/twig/twig/src/Template.php:379
- /var/www/exon/jihoon/exon_front/vendor/twig/twig/src/TemplateWrapper.php:40
- /var/www/exon/jihoon/exon_front/vendor/cakephp/twig-view/src/View/TwigView.php:301
- /var/www/exon/jihoon/exon_front/vendor/cakephp/cakephp/src/View/View.php:1134
- /var/www/exon/jihoon/exon_front/vendor/cakephp/cakephp/src/View/View.php:1668
- /var/www/exon/jihoon/exon_front/vendor/cakephp/cakephp/src/View/View.php:655
- /var/www/exon/jihoon/exon_front/vendor/cakephp/twig-view/src/Twig/Extension/ViewExtension.php:46
- /var/www/exon/jihoon/exon_front/vendor/twig/twig/src/Environment.php(358) : eval()'d code:179
- /var/www/exon/jihoon/exon_front/vendor/twig/twig/src/Template.php:394
- /var/www/exon/jihoon/exon_front/vendor/twig/twig/src/Template.php:367
- /var/www/exon/jihoon/exon_front/vendor/twig/twig/src/Template.php:379
- /var/www/exon/jihoon/exon_front/vendor/twig/twig/src/TemplateWrapper.php:40
- /var/www/exon/jihoon/exon_front/vendor/cakephp/twig-view/src/View/TwigView.php:301
- /var/www/exon/jihoon/exon_front/vendor/cakephp/cakephp/src/View/View.php:1134
- /var/www/exon/jihoon/exon_front/vendor/cakephp/bake/src/View/BakeView.php:97
- /var/www/exon/jihoon/exon_front/vendor/cakephp/bake/src/Utility/TemplateRenderer.php:101
- /var/www/exon/jihoon/exon_front/vendor/cakephp/bake/src/Command/ControllerCommand.php:183
- /var/www/exon/jihoon/exon_front/vendor/cakephp/bake/src/Command/ControllerCommand.php:154
- /var/www/exon/jihoon/exon_front/vendor/cakephp/bake/src/Command/ControllerCommand.php:65
- /var/www/exon/jihoon/exon_front/vendor/cakephp/cakephp/src/Console/BaseCommand.php:179
- /var/www/exon/jihoon/exon_front/vendor/cakephp/cakephp/src/Console/CommandRunner.php:336
- /var/www/exon/jihoon/exon_front/vendor/cakephp/cakephp/src/Console/CommandRunner.php:172
- /var/www/exon/jihoon/exon_front/bin/cake.php:12



2021-07-19 10:09:16 Error: [Twig\Error\RuntimeError] An exception has been thrown during the rendering of a template ("The existing `Users` association on `ExhibitionUsers` is incompatible with the `Users` association on `Exhibition`"). in /var/www/exon/jihoon/exon_front/vendor/cakephp/bake/templates/bake/element/Controller/view.twig on line 19
Stack Trace:
- /var/www/exon/jihoon/exon_front/vendor/twig/twig/src/Template.php:367
- /var/www/exon/jihoon/exon_front/vendor/twig/twig/src/Template.php:379
- /var/www/exon/jihoon/exon_front/vendor/twig/twig/src/TemplateWrapper.php:40
- /var/www/exon/jihoon/exon_front/vendor/cakephp/twig-view/src/View/TwigView.php:301
- /var/www/exon/jihoon/exon_front/vendor/cakephp/cakephp/src/View/View.php:1134
- /var/www/exon/jihoon/exon_front/vendor/cakephp/cakephp/src/View/View.php:1668
- /var/www/exon/jihoon/exon_front/vendor/cakephp/cakephp/src/View/View.php:655
- /var/www/exon/jihoon/exon_front/vendor/cakephp/twig-view/src/Twig/Extension/ViewExtension.php:46
- /var/www/exon/jihoon/exon_front/vendor/twig/twig/src/Environment.php(358) : eval()'d code:179
- /var/www/exon/jihoon/exon_front/vendor/twig/twig/src/Template.php:394
- /var/www/exon/jihoon/exon_front/vendor/twig/twig/src/Template.php:367
- /var/www/exon/jihoon/exon_front/vendor/twig/twig/src/Template.php:379
- /var/www/exon/jihoon/exon_front/vendor/twig/twig/src/TemplateWrapper.php:40
- /var/www/exon/jihoon/exon_front/vendor/cakephp/twig-view/src/View/TwigView.php:301
- /var/www/exon/jihoon/exon_front/vendor/cakephp/cakephp/src/View/View.php:1134
- /var/www/exon/jihoon/exon_front/vendor/cakephp/bake/src/View/BakeView.php:97
- /var/www/exon/jihoon/exon_front/vendor/cakephp/bake/src/Utility/TemplateRenderer.php:101
- /var/www/exon/jihoon/exon_front/vendor/cakephp/bake/src/Command/ControllerCommand.php:183
- /var/www/exon/jihoon/exon_front/vendor/cakephp/bake/src/Command/ControllerCommand.php:154
- /var/www/exon/jihoon/exon_front/vendor/cakephp/bake/src/Command/ControllerCommand.php:65
- /var/www/exon/jihoon/exon_front/vendor/cakephp/cakephp/src/Console/BaseCommand.php:179
- /var/www/exon/jihoon/exon_front/vendor/cakephp/cakephp/src/Console/CommandRunner.php:336
- /var/www/exon/jihoon/exon_front/vendor/cakephp/cakephp/src/Console/CommandRunner.php:172
- /var/www/exon/jihoon/exon_front/bin/cake.php:12

Caused by: [InvalidArgumentException] The existing `Users` association on `ExhibitionUsers` is incompatible with the `Users` association on `Exhibition` in /var/www/exon/jihoon/exon_front/vendor/cakephp/cakephp/src/ORM/Association/BelongsToMany.php on line 419
Stack Trace:
- /var/www/exon/jihoon/exon_front/vendor/cakephp/cakephp/src/ORM/Association/BelongsToMany.php:299
- /var/www/exon/jihoon/exon_front/vendor/cakephp/bake/src/Utility/Model/AssociationFilter.php:52
- array_map - [internal], line ??- /var/www/exon/jihoon/exon_front/vendor/cakephp/bake/src/Utility/Model/AssociationFilter.php:55
- /var/www/exon/jihoon/exon_front/vendor/cakephp/bake/src/Utility/Model/AssociationFilter.php:38
- /var/www/exon/jihoon/exon_front/vendor/cakephp/bake/src/View/Helper/BakeHelper.php:418
- /var/www/exon/jihoon/exon_front/vendor/cakephp/bake/src/View/Helper/BakeHelper.php:143
- /var/www/exon/jihoon/exon_front/vendor/twig/twig/src/Extension/CoreExtension.php:1541
- /var/www/exon/jihoon/exon_front/vendor/twig/twig/src/Environment.php(358) : eval()'d code:46
- /var/www/exon/jihoon/exon_front/vendor/twig/twig/src/Template.php:394
- /var/www/exon/jihoon/exon_front/vendor/twig/twig/src/Template.php:367
- /var/www/exon/jihoon/exon_front/vendor/twig/twig/src/Template.php:379
- /var/www/exon/jihoon/exon_front/vendor/twig/twig/src/TemplateWrapper.php:40
- /var/www/exon/jihoon/exon_front/vendor/cakephp/twig-view/src/View/TwigView.php:301
- /var/www/exon/jihoon/exon_front/vendor/cakephp/cakephp/src/View/View.php:1134
- /var/www/exon/jihoon/exon_front/vendor/cakephp/cakephp/src/View/View.php:1668
- /var/www/exon/jihoon/exon_front/vendor/cakephp/cakephp/src/View/View.php:655
- /var/www/exon/jihoon/exon_front/vendor/cakephp/twig-view/src/Twig/Extension/ViewExtension.php:46
- /var/www/exon/jihoon/exon_front/vendor/twig/twig/src/Environment.php(358) : eval()'d code:179
- /var/www/exon/jihoon/exon_front/vendor/twig/twig/src/Template.php:394
- /var/www/exon/jihoon/exon_front/vendor/twig/twig/src/Template.php:367
- /var/www/exon/jihoon/exon_front/vendor/twig/twig/src/Template.php:379
- /var/www/exon/jihoon/exon_front/vendor/twig/twig/src/TemplateWrapper.php:40
- /var/www/exon/jihoon/exon_front/vendor/cakephp/twig-view/src/View/TwigView.php:301
- /var/www/exon/jihoon/exon_front/vendor/cakephp/cakephp/src/View/View.php:1134
- /var/www/exon/jihoon/exon_front/vendor/cakephp/bake/src/View/BakeView.php:97
- /var/www/exon/jihoon/exon_front/vendor/cakephp/bake/src/Utility/TemplateRenderer.php:101
- /var/www/exon/jihoon/exon_front/vendor/cakephp/bake/src/Command/ControllerCommand.php:183
- /var/www/exon/jihoon/exon_front/vendor/cakephp/bake/src/Command/ControllerCommand.php:154
- /var/www/exon/jihoon/exon_front/vendor/cakephp/bake/src/Command/ControllerCommand.php:65
- /var/www/exon/jihoon/exon_front/vendor/cakephp/cakephp/src/Console/BaseCommand.php:179
- /var/www/exon/jihoon/exon_front/vendor/cakephp/cakephp/src/Console/CommandRunner.php:336
- /var/www/exon/jihoon/exon_front/vendor/cakephp/cakephp/src/Console/CommandRunner.php:172
- /var/www/exon/jihoon/exon_front/bin/cake.php:12



2021-07-19 10:09:32 Error: [Twig\Error\RuntimeError] An exception has been thrown during the rendering of a template ("The existing `Users` association on `ExhibitionUsers` is incompatible with the `Users` association on `Exhibition`"). in /var/www/exon/jihoon/exon_front/vendor/cakephp/bake/templates/bake/element/Controller/view.twig on line 19
Stack Trace:
- /var/www/exon/jihoon/exon_front/vendor/twig/twig/src/Template.php:367
- /var/www/exon/jihoon/exon_front/vendor/twig/twig/src/Template.php:379
- /var/www/exon/jihoon/exon_front/vendor/twig/twig/src/TemplateWrapper.php:40
- /var/www/exon/jihoon/exon_front/vendor/cakephp/twig-view/src/View/TwigView.php:301
- /var/www/exon/jihoon/exon_front/vendor/cakephp/cakephp/src/View/View.php:1134
- /var/www/exon/jihoon/exon_front/vendor/cakephp/cakephp/src/View/View.php:1668
- /var/www/exon/jihoon/exon_front/vendor/cakephp/cakephp/src/View/View.php:655
- /var/www/exon/jihoon/exon_front/vendor/cakephp/twig-view/src/Twig/Extension/ViewExtension.php:46
- /var/www/exon/jihoon/exon_front/vendor/twig/twig/src/Environment.php(358) : eval()'d code:179
- /var/www/exon/jihoon/exon_front/vendor/twig/twig/src/Template.php:394
- /var/www/exon/jihoon/exon_front/vendor/twig/twig/src/Template.php:367
- /var/www/exon/jihoon/exon_front/vendor/twig/twig/src/Template.php:379
- /var/www/exon/jihoon/exon_front/vendor/twig/twig/src/TemplateWrapper.php:40
- /var/www/exon/jihoon/exon_front/vendor/cakephp/twig-view/src/View/TwigView.php:301
- /var/www/exon/jihoon/exon_front/vendor/cakephp/cakephp/src/View/View.php:1134
- /var/www/exon/jihoon/exon_front/vendor/cakephp/bake/src/View/BakeView.php:97
- /var/www/exon/jihoon/exon_front/vendor/cakephp/bake/src/Utility/TemplateRenderer.php:101
- /var/www/exon/jihoon/exon_front/vendor/cakephp/bake/src/Command/ControllerCommand.php:183
- /var/www/exon/jihoon/exon_front/vendor/cakephp/bake/src/Command/ControllerCommand.php:154
- /var/www/exon/jihoon/exon_front/vendor/cakephp/bake/src/Command/ControllerCommand.php:65
- /var/www/exon/jihoon/exon_front/vendor/cakephp/cakephp/src/Console/BaseCommand.php:179
- /var/www/exon/jihoon/exon_front/vendor/cakephp/cakephp/src/Console/CommandRunner.php:336
- /var/www/exon/jihoon/exon_front/vendor/cakephp/cakephp/src/Console/CommandRunner.php:172
- /var/www/exon/jihoon/exon_front/bin/cake.php:12

Caused by: [InvalidArgumentException] The existing `Users` association on `ExhibitionUsers` is incompatible with the `Users` association on `Exhibition` in /var/www/exon/jihoon/exon_front/vendor/cakephp/cakephp/src/ORM/Association/BelongsToMany.php on line 419
Stack Trace:
- /var/www/exon/jihoon/exon_front/vendor/cakephp/cakephp/src/ORM/Association/BelongsToMany.php:299
- /var/www/exon/jihoon/exon_front/vendor/cakephp/bake/src/Utility/Model/AssociationFilter.php:52
- array_map - [internal], line ??- /var/www/exon/jihoon/exon_front/vendor/cakephp/bake/src/Utility/Model/AssociationFilter.php:55
- /var/www/exon/jihoon/exon_front/vendor/cakephp/bake/src/Utility/Model/AssociationFilter.php:38
- /var/www/exon/jihoon/exon_front/vendor/cakephp/bake/src/View/Helper/BakeHelper.php:418
- /var/www/exon/jihoon/exon_front/vendor/cakephp/bake/src/View/Helper/BakeHelper.php:143
- /var/www/exon/jihoon/exon_front/vendor/twig/twig/src/Extension/CoreExtension.php:1541
- /var/www/exon/jihoon/exon_front/vendor/twig/twig/src/Environment.php(358) : eval()'d code:46
- /var/www/exon/jihoon/exon_front/vendor/twig/twig/src/Template.php:394
- /var/www/exon/jihoon/exon_front/vendor/twig/twig/src/Template.php:367
- /var/www/exon/jihoon/exon_front/vendor/twig/twig/src/Template.php:379
- /var/www/exon/jihoon/exon_front/vendor/twig/twig/src/TemplateWrapper.php:40
- /var/www/exon/jihoon/exon_front/vendor/cakephp/twig-view/src/View/TwigView.php:301
- /var/www/exon/jihoon/exon_front/vendor/cakephp/cakephp/src/View/View.php:1134
- /var/www/exon/jihoon/exon_front/vendor/cakephp/cakephp/src/View/View.php:1668
- /var/www/exon/jihoon/exon_front/vendor/cakephp/cakephp/src/View/View.php:655
- /var/www/exon/jihoon/exon_front/vendor/cakephp/twig-view/src/Twig/Extension/ViewExtension.php:46
- /var/www/exon/jihoon/exon_front/vendor/twig/twig/src/Environment.php(358) : eval()'d code:179
- /var/www/exon/jihoon/exon_front/vendor/twig/twig/src/Template.php:394
- /var/www/exon/jihoon/exon_front/vendor/twig/twig/src/Template.php:367
- /var/www/exon/jihoon/exon_front/vendor/twig/twig/src/Template.php:379
- /var/www/exon/jihoon/exon_front/vendor/twig/twig/src/TemplateWrapper.php:40
- /var/www/exon/jihoon/exon_front/vendor/cakephp/twig-view/src/View/TwigView.php:301
- /var/www/exon/jihoon/exon_front/vendor/cakephp/cakephp/src/View/View.php:1134
- /var/www/exon/jihoon/exon_front/vendor/cakephp/bake/src/View/BakeView.php:97
- /var/www/exon/jihoon/exon_front/vendor/cakephp/bake/src/Utility/TemplateRenderer.php:101
- /var/www/exon/jihoon/exon_front/vendor/cakephp/bake/src/Command/ControllerCommand.php:183
- /var/www/exon/jihoon/exon_front/vendor/cakephp/bake/src/Command/ControllerCommand.php:154
- /var/www/exon/jihoon/exon_front/vendor/cakephp/bake/src/Command/ControllerCommand.php:65
- /var/www/exon/jihoon/exon_front/vendor/cakephp/cakephp/src/Console/BaseCommand.php:179
- /var/www/exon/jihoon/exon_front/vendor/cakephp/cakephp/src/Console/CommandRunner.php:336
- /var/www/exon/jihoon/exon_front/vendor/cakephp/cakephp/src/Console/CommandRunner.php:172
- /var/www/exon/jihoon/exon_front/bin/cake.php:12



2021-07-19 10:11:29 Error: [Twig\Error\RuntimeError] An exception has been thrown during the rendering of a template ("The existing `Users` association on `ExhibitionUsers` is incompatible with the `Users` association on `Exhibition`"). in /var/www/exon/jihoon/exon_front/vendor/cakephp/bake/templates/bake/element/Controller/view.twig on line 19
Stack Trace:
- /var/www/exon/jihoon/exon_front/vendor/twig/twig/src/Template.php:367
- /var/www/exon/jihoon/exon_front/vendor/twig/twig/src/Template.php:379
- /var/www/exon/jihoon/exon_front/vendor/twig/twig/src/TemplateWrapper.php:40
- /var/www/exon/jihoon/exon_front/vendor/cakephp/twig-view/src/View/TwigView.php:301
- /var/www/exon/jihoon/exon_front/vendor/cakephp/cakephp/src/View/View.php:1134
- /var/www/exon/jihoon/exon_front/vendor/cakephp/cakephp/src/View/View.php:1668
- /var/www/exon/jihoon/exon_front/vendor/cakephp/cakephp/src/View/View.php:655
- /var/www/exon/jihoon/exon_front/vendor/cakephp/twig-view/src/Twig/Extension/ViewExtension.php:46
- /var/www/exon/jihoon/exon_front/vendor/twig/twig/src/Environment.php(358) : eval()'d code:179
- /var/www/exon/jihoon/exon_front/vendor/twig/twig/src/Template.php:394
- /var/www/exon/jihoon/exon_front/vendor/twig/twig/src/Template.php:367
- /var/www/exon/jihoon/exon_front/vendor/twig/twig/src/Template.php:379
- /var/www/exon/jihoon/exon_front/vendor/twig/twig/src/TemplateWrapper.php:40
- /var/www/exon/jihoon/exon_front/vendor/cakephp/twig-view/src/View/TwigView.php:301
- /var/www/exon/jihoon/exon_front/vendor/cakephp/cakephp/src/View/View.php:1134
- /var/www/exon/jihoon/exon_front/vendor/cakephp/bake/src/View/BakeView.php:97
- /var/www/exon/jihoon/exon_front/vendor/cakephp/bake/src/Utility/TemplateRenderer.php:101
- /var/www/exon/jihoon/exon_front/vendor/cakephp/bake/src/Command/ControllerCommand.php:183
- /var/www/exon/jihoon/exon_front/vendor/cakephp/bake/src/Command/ControllerCommand.php:154
- /var/www/exon/jihoon/exon_front/vendor/cakephp/bake/src/Command/ControllerCommand.php:65
- /var/www/exon/jihoon/exon_front/vendor/cakephp/cakephp/src/Console/BaseCommand.php:179
- /var/www/exon/jihoon/exon_front/vendor/cakephp/cakephp/src/Console/CommandRunner.php:336
- /var/www/exon/jihoon/exon_front/vendor/cakephp/cakephp/src/Console/CommandRunner.php:172
- /var/www/exon/jihoon/exon_front/bin/cake.php:12

Caused by: [InvalidArgumentException] The existing `Users` association on `ExhibitionUsers` is incompatible with the `Users` association on `Exhibition` in /var/www/exon/jihoon/exon_front/vendor/cakephp/cakephp/src/ORM/Association/BelongsToMany.php on line 419
Stack Trace:
- /var/www/exon/jihoon/exon_front/vendor/cakephp/cakephp/src/ORM/Association/BelongsToMany.php:299
- /var/www/exon/jihoon/exon_front/vendor/cakephp/bake/src/Utility/Model/AssociationFilter.php:52
- array_map - [internal], line ??- /var/www/exon/jihoon/exon_front/vendor/cakephp/bake/src/Utility/Model/AssociationFilter.php:55
- /var/www/exon/jihoon/exon_front/vendor/cakephp/bake/src/Utility/Model/AssociationFilter.php:38
- /var/www/exon/jihoon/exon_front/vendor/cakephp/bake/src/View/Helper/BakeHelper.php:418
- /var/www/exon/jihoon/exon_front/vendor/cakephp/bake/src/View/Helper/BakeHelper.php:143
- /var/www/exon/jihoon/exon_front/vendor/twig/twig/src/Extension/CoreExtension.php:1541
- /var/www/exon/jihoon/exon_front/vendor/twig/twig/src/Environment.php(358) : eval()'d code:46
- /var/www/exon/jihoon/exon_front/vendor/twig/twig/src/Template.php:394
- /var/www/exon/jihoon/exon_front/vendor/twig/twig/src/Template.php:367
- /var/www/exon/jihoon/exon_front/vendor/twig/twig/src/Template.php:379
- /var/www/exon/jihoon/exon_front/vendor/twig/twig/src/TemplateWrapper.php:40
- /var/www/exon/jihoon/exon_front/vendor/cakephp/twig-view/src/View/TwigView.php:301
- /var/www/exon/jihoon/exon_front/vendor/cakephp/cakephp/src/View/View.php:1134
- /var/www/exon/jihoon/exon_front/vendor/cakephp/cakephp/src/View/View.php:1668
- /var/www/exon/jihoon/exon_front/vendor/cakephp/cakephp/src/View/View.php:655
- /var/www/exon/jihoon/exon_front/vendor/cakephp/twig-view/src/Twig/Extension/ViewExtension.php:46
- /var/www/exon/jihoon/exon_front/vendor/twig/twig/src/Environment.php(358) : eval()'d code:179
- /var/www/exon/jihoon/exon_front/vendor/twig/twig/src/Template.php:394
- /var/www/exon/jihoon/exon_front/vendor/twig/twig/src/Template.php:367
- /var/www/exon/jihoon/exon_front/vendor/twig/twig/src/Template.php:379
- /var/www/exon/jihoon/exon_front/vendor/twig/twig/src/TemplateWrapper.php:40
- /var/www/exon/jihoon/exon_front/vendor/cakephp/twig-view/src/View/TwigView.php:301
- /var/www/exon/jihoon/exon_front/vendor/cakephp/cakephp/src/View/View.php:1134
- /var/www/exon/jihoon/exon_front/vendor/cakephp/bake/src/View/BakeView.php:97
- /var/www/exon/jihoon/exon_front/vendor/cakephp/bake/src/Utility/TemplateRenderer.php:101
- /var/www/exon/jihoon/exon_front/vendor/cakephp/bake/src/Command/ControllerCommand.php:183
- /var/www/exon/jihoon/exon_front/vendor/cakephp/bake/src/Command/ControllerCommand.php:154
- /var/www/exon/jihoon/exon_front/vendor/cakephp/bake/src/Command/ControllerCommand.php:65
- /var/www/exon/jihoon/exon_front/vendor/cakephp/cakephp/src/Console/BaseCommand.php:179
- /var/www/exon/jihoon/exon_front/vendor/cakephp/cakephp/src/Console/CommandRunner.php:336
- /var/www/exon/jihoon/exon_front/vendor/cakephp/cakephp/src/Console/CommandRunner.php:172
- /var/www/exon/jihoon/exon_front/bin/cake.php:12



2021-07-19 10:13:07 Error: [Twig\Error\RuntimeError] An exception has been thrown during the rendering of a template ("The existing `Users` association on `ExhibitionUsers` is incompatible with the `Users` association on `Exhibition`"). in /var/www/exon/jihoon/exon_front/vendor/cakephp/bake/templates/bake/element/Controller/view.twig on line 19
Stack Trace:
- /var/www/exon/jihoon/exon_front/vendor/twig/twig/src/Template.php:367
- /var/www/exon/jihoon/exon_front/vendor/twig/twig/src/Template.php:379
- /var/www/exon/jihoon/exon_front/vendor/twig/twig/src/TemplateWrapper.php:40
- /var/www/exon/jihoon/exon_front/vendor/cakephp/twig-view/src/View/TwigView.php:301
- /var/www/exon/jihoon/exon_front/vendor/cakephp/cakephp/src/View/View.php:1134
- /var/www/exon/jihoon/exon_front/vendor/cakephp/cakephp/src/View/View.php:1668
- /var/www/exon/jihoon/exon_front/vendor/cakephp/cakephp/src/View/View.php:655
- /var/www/exon/jihoon/exon_front/vendor/cakephp/twig-view/src/Twig/Extension/ViewExtension.php:46
- /var/www/exon/jihoon/exon_front/vendor/twig/twig/src/Environment.php(358) : eval()'d code:179
- /var/www/exon/jihoon/exon_front/vendor/twig/twig/src/Template.php:394
- /var/www/exon/jihoon/exon_front/vendor/twig/twig/src/Template.php:367
- /var/www/exon/jihoon/exon_front/vendor/twig/twig/src/Template.php:379
- /var/www/exon/jihoon/exon_front/vendor/twig/twig/src/TemplateWrapper.php:40
- /var/www/exon/jihoon/exon_front/vendor/cakephp/twig-view/src/View/TwigView.php:301
- /var/www/exon/jihoon/exon_front/vendor/cakephp/cakephp/src/View/View.php:1134
- /var/www/exon/jihoon/exon_front/vendor/cakephp/bake/src/View/BakeView.php:97
- /var/www/exon/jihoon/exon_front/vendor/cakephp/bake/src/Utility/TemplateRenderer.php:101
- /var/www/exon/jihoon/exon_front/vendor/cakephp/bake/src/Command/ControllerCommand.php:183
- /var/www/exon/jihoon/exon_front/vendor/cakephp/bake/src/Command/ControllerCommand.php:154
- /var/www/exon/jihoon/exon_front/vendor/cakephp/bake/src/Command/ControllerCommand.php:65
- /var/www/exon/jihoon/exon_front/vendor/cakephp/cakephp/src/Console/BaseCommand.php:179
- /var/www/exon/jihoon/exon_front/vendor/cakephp/cakephp/src/Console/CommandRunner.php:336
- /var/www/exon/jihoon/exon_front/vendor/cakephp/cakephp/src/Console/CommandRunner.php:172
- /var/www/exon/jihoon/exon_front/bin/cake.php:12

Caused by: [InvalidArgumentException] The existing `Users` association on `ExhibitionUsers` is incompatible with the `Users` association on `Exhibition` in /var/www/exon/jihoon/exon_front/vendor/cakephp/cakephp/src/ORM/Association/BelongsToMany.php on line 419
Stack Trace:
- /var/www/exon/jihoon/exon_front/vendor/cakephp/cakephp/src/ORM/Association/BelongsToMany.php:299
- /var/www/exon/jihoon/exon_front/vendor/cakephp/bake/src/Utility/Model/AssociationFilter.php:52
- array_map - [internal], line ??- /var/www/exon/jihoon/exon_front/vendor/cakephp/bake/src/Utility/Model/AssociationFilter.php:55
- /var/www/exon/jihoon/exon_front/vendor/cakephp/bake/src/Utility/Model/AssociationFilter.php:38
- /var/www/exon/jihoon/exon_front/vendor/cakephp/bake/src/View/Helper/BakeHelper.php:418
- /var/www/exon/jihoon/exon_front/vendor/cakephp/bake/src/View/Helper/BakeHelper.php:143
- /var/www/exon/jihoon/exon_front/vendor/twig/twig/src/Extension/CoreExtension.php:1541
- /var/www/exon/jihoon/exon_front/vendor/twig/twig/src/Environment.php(358) : eval()'d code:46
- /var/www/exon/jihoon/exon_front/vendor/twig/twig/src/Template.php:394
- /var/www/exon/jihoon/exon_front/vendor/twig/twig/src/Template.php:367
- /var/www/exon/jihoon/exon_front/vendor/twig/twig/src/Template.php:379
- /var/www/exon/jihoon/exon_front/vendor/twig/twig/src/TemplateWrapper.php:40
- /var/www/exon/jihoon/exon_front/vendor/cakephp/twig-view/src/View/TwigView.php:301
- /var/www/exon/jihoon/exon_front/vendor/cakephp/cakephp/src/View/View.php:1134
- /var/www/exon/jihoon/exon_front/vendor/cakephp/cakephp/src/View/View.php:1668
- /var/www/exon/jihoon/exon_front/vendor/cakephp/cakephp/src/View/View.php:655
- /var/www/exon/jihoon/exon_front/vendor/cakephp/twig-view/src/Twig/Extension/ViewExtension.php:46
- /var/www/exon/jihoon/exon_front/vendor/twig/twig/src/Environment.php(358) : eval()'d code:179
- /var/www/exon/jihoon/exon_front/vendor/twig/twig/src/Template.php:394
- /var/www/exon/jihoon/exon_front/vendor/twig/twig/src/Template.php:367
- /var/www/exon/jihoon/exon_front/vendor/twig/twig/src/Template.php:379
- /var/www/exon/jihoon/exon_front/vendor/twig/twig/src/TemplateWrapper.php:40
- /var/www/exon/jihoon/exon_front/vendor/cakephp/twig-view/src/View/TwigView.php:301
- /var/www/exon/jihoon/exon_front/vendor/cakephp/cakephp/src/View/View.php:1134
- /var/www/exon/jihoon/exon_front/vendor/cakephp/bake/src/View/BakeView.php:97
- /var/www/exon/jihoon/exon_front/vendor/cakephp/bake/src/Utility/TemplateRenderer.php:101
- /var/www/exon/jihoon/exon_front/vendor/cakephp/bake/src/Command/ControllerCommand.php:183
- /var/www/exon/jihoon/exon_front/vendor/cakephp/bake/src/Command/ControllerCommand.php:154
- /var/www/exon/jihoon/exon_front/vendor/cakephp/bake/src/Command/ControllerCommand.php:65
- /var/www/exon/jihoon/exon_front/vendor/cakephp/cakephp/src/Console/BaseCommand.php:179
- /var/www/exon/jihoon/exon_front/vendor/cakephp/cakephp/src/Console/CommandRunner.php:336
- /var/www/exon/jihoon/exon_front/vendor/cakephp/cakephp/src/Console/CommandRunner.php:172
- /var/www/exon/jihoon/exon_front/bin/cake.php:12



